# Logfile created on 2014-11-19 08:24:13 +0000 by logger.rb/1.2.8
[0;97;49mStarted GET "/" at 2014-11-19 11:01:21 +0000[0m
Detecting locale EN
Found page "Home page" [index]
  Rendered liquid page template
[0;32;49mCompleted 200 OK in 3.0ms

[0m
[0;97;49mStarted GET "/" at 2014-11-19 11:06:16 +0000[0m
Detecting locale EN
Found page "Home page" [index]
  Rendered liquid page template
[0;32;49mCompleted 200 OK in 1.3ms

[0m
[0;97;49mStarted GET "/css/bootstrap.min.css" at 2014-11-19 11:06:16 +0000[0m
Detecting locale EN
[0;32;49mCompleted 404 Not Found in 2.6ms

[0m
[0;97;49mStarted GET "/css/agency.css" at 2014-11-19 11:06:16 +0000[0m
Detecting locale EN
[0;32;49mCompleted 404 Not Found in 1.0ms

[0m
[0;97;49mStarted GET "/font-awesome-4.1.0/css/font-awesome.min.css" at 2014-11-19 11:06:16 +0000[0m
Detecting locale EN
[0;32;49mCompleted 404 Not Found in 0.8ms

[0m
[0;97;49mStarted GET "/img/portfolio/roundicons.png" at 2014-11-19 11:06:16 +0000[0m
Detecting locale EN
[0;32;49mCompleted 404 Not Found in 0.9ms

[0m
[0;97;49mStarted GET "/img/portfolio/startup-framework.png" at 2014-11-19 11:06:16 +0000[0m
Detecting locale EN
[0;32;49mCompleted 404 Not Found in 0.9ms

[0m
[0;97;49mStarted GET "/img/portfolio/treehouse.png" at 2014-11-19 11:06:16 +0000[0m
Detecting locale EN
[0;32;49mCompleted 404 Not Found in 1.5ms

[0m
[0;97;49mStarted GET "/js/jquery.js" at 2014-11-19 11:06:16 +0000[0m
Detecting locale EN
[0;32;49mCompleted 404 Not Found in 1.2ms

[0m
[0;97;49mStarted GET "/js/bootstrap.min.js" at 2014-11-19 11:06:16 +0000[0m
Detecting locale EN
[0;32;49mCompleted 404 Not Found in 1.5ms

[0m
[0;97;49mStarted GET "/js/classie.js" at 2014-11-19 11:06:16 +0000[0m
Detecting locale EN
[0;32;49mCompleted 404 Not Found in 1.1ms

[0m
[0;97;49mStarted GET "/js/cbpAnimatedHeader.js" at 2014-11-19 11:06:16 +0000[0m
Detecting locale EN
[0;32;49mCompleted 404 Not Found in 1.6ms

[0m
[0;97;49mStarted GET "/js/jqBootstrapValidation.js" at 2014-11-19 11:06:16 +0000[0m
Detecting locale EN
[0;32;49mCompleted 404 Not Found in 2.1ms

[0m
[0;97;49mStarted GET "/js/contact_me.js" at 2014-11-19 11:06:16 +0000[0m
Detecting locale EN
[0;32;49mCompleted 404 Not Found in 1.4ms

[0m
[0;97;49mStarted GET "/img/portfolio/golden.png" at 2014-11-19 11:06:16 +0000[0m
Detecting locale EN
[0;32;49mCompleted 404 Not Found in 1.5ms

[0m
[0;97;49mStarted GET "/js/agency.js" at 2014-11-19 11:06:16 +0000[0m
Detecting locale EN
[0;97;49mStarted GET "/img/portfolio/escape.png" at 2014-11-19 11:06:16 +0000[0m
[0;32;49mCompleted 404 Not Found in 1.5ms

[0m
Detecting locale EN
[0;97;49mStarted GET "/img/about/1.jpg" at 2014-11-19 11:06:16 +0000[0m
[0;97;49mStarted GET "/img/portfolio/dreams.png" at 2014-11-19 11:06:16 +0000[0m
Detecting locale EN
[0;97;49mStarted GET "/img/about/2.jpg" at 2014-11-19 11:06:16 +0000[0m
Detecting locale EN
[0;32;49mCompleted 404 Not Found in 4.2ms

[0m
[0;32;49mCompleted 404 Not Found in 5.3ms

[0m
[0;97;49mStarted GET "/img/about/3.jpg" at 2014-11-19 11:06:16 +0000[0m
Detecting locale EN
Detecting locale EN
[0;32;49mCompleted 404 Not Found in 12.1ms

[0m
[0;97;49mStarted GET "/img/about/4.jpg" at 2014-11-19 11:06:16 +0000[0m
Detecting locale EN
[0;32;49mCompleted 404 Not Found in 8.7ms

[0m
[0;32;49mCompleted 404 Not Found in 7.4ms

[0m
[0;32;49mCompleted 404 Not Found in 7.7ms

[0m
[0;97;49mStarted GET "/img/team/1.jpg" at 2014-11-19 11:06:16 +0000[0m
Detecting locale EN
[0;32;49mCompleted 404 Not Found in 2.7ms

[0m
[0;97;49mStarted GET "/img/team/2.jpg" at 2014-11-19 11:06:16 +0000[0m
Detecting locale EN
[0;32;49mCompleted 404 Not Found in 2.0ms

[0m
[0;97;49mStarted GET "/img/team/3.jpg" at 2014-11-19 11:06:16 +0000[0m
Detecting locale EN
[0;32;49mCompleted 404 Not Found in 1.2ms

[0m
[0;97;49mStarted GET "/img/logos/envato.jpg" at 2014-11-19 11:06:16 +0000[0m
Detecting locale EN
[0;32;49mCompleted 404 Not Found in 1.2ms

[0m
[0;97;49mStarted GET "/img/logos/designmodo.jpg" at 2014-11-19 11:06:16 +0000[0m
Detecting locale EN
[0;32;49mCompleted 404 Not Found in 4.5ms

[0m
[0;97;49mStarted GET "/img/logos/themeforest.jpg" at 2014-11-19 11:06:16 +0000[0m
Detecting locale EN
[0;32;49mCompleted 404 Not Found in 3.2ms

[0m
[0;97;49mStarted GET "/img/logos/creative-market.jpg" at 2014-11-19 11:06:16 +0000[0m
Detecting locale EN
[0;32;49mCompleted 404 Not Found in 1.8ms

[0m
[0;97;49mStarted GET "/img/portfolio/roundicons-free.png" at 2014-11-19 11:06:16 +0000[0m
Detecting locale EN
[0;32;49mCompleted 404 Not Found in 1.7ms

[0m
[0;97;49mStarted GET "/img/portfolio/startup-framework-preview.png" at 2014-11-19 11:06:16 +0000[0m
Detecting locale EN
[0;32;49mCompleted 404 Not Found in 0.9ms

[0m
[0;97;49mStarted GET "/img/portfolio/treehouse-preview.png" at 2014-11-19 11:06:16 +0000[0m
Detecting locale EN
[0;32;49mCompleted 404 Not Found in 1.8ms

[0m
[0;97;49mStarted GET "/img/portfolio/golden-preview.png" at 2014-11-19 11:06:16 +0000[0m
Detecting locale EN
[0;32;49mCompleted 404 Not Found in 0.8ms

[0m
[0;97;49mStarted GET "/img/portfolio/escape-preview.png" at 2014-11-19 11:06:16 +0000[0m
Detecting locale EN
[0;32;49mCompleted 404 Not Found in 36.2ms

[0m
[0;97;49mStarted GET "/img/portfolio/dreams-preview.png" at 2014-11-19 11:06:16 +0000[0m
Detecting locale EN
[0;32;49mCompleted 404 Not Found in 3.2ms

[0m
* Reloaded "pages", "snippets" at 2014-11-19 11:07:24 +0000
* Reloaded "pages", "snippets" at 2014-11-19 11:07:36 +0000
* Reloaded "pages", "snippets" at 2014-11-19 11:07:38 +0000
[0;97;49mStarted GET "/" at 2014-11-19 11:07:41 +0000[0m
Detecting locale EN
Found page "Home page" [index]
  Rendered liquid page template
[0;32;49mCompleted 200 OK in 1.1ms

[0m
[0;97;49mStarted GET "/font-awesome-4.1.0/css/font-awesome.min.css" at 2014-11-19 11:07:41 +0000[0m
Detecting locale EN
[0;32;49mCompleted 404 Not Found in 4.5ms

[0m
[0;97;49mStarted GET "/img/portfolio/roundicons.png" at 2014-11-19 11:07:41 +0000[0m
Detecting locale EN
[0;32;49mCompleted 404 Not Found in 2.5ms

[0m
[0;97;49mStarted GET "/img/portfolio/startup-framework.png" at 2014-11-19 11:07:41 +0000[0m
Detecting locale EN
[0;32;49mCompleted 404 Not Found in 1.4ms

[0m
[0;97;49mStarted GET "/img/portfolio/treehouse.png" at 2014-11-19 11:07:41 +0000[0m
Detecting locale EN
[0;32;49mCompleted 404 Not Found in 1.4ms

[0m
[0;97;49mStarted GET "/js/jquery.js" at 2014-11-19 11:07:41 +0000[0m
Detecting locale EN
[0;97;49mStarted GET "/js/bootstrap.min.js" at 2014-11-19 11:07:41 +0000[0m
[0;32;49mCompleted 404 Not Found in 1.7ms

[0m
[0;97;49mStarted GET "/js/classie.js" at 2014-11-19 11:07:41 +0000[0m
Detecting locale EN
[0;97;49mStarted GET "/js/cbpAnimatedHeader.js" at 2014-11-19 11:07:41 +0000[0m
Detecting locale EN
[0;32;49mCompleted 404 Not Found in 5.5ms

[0m
Detecting locale EN
[0;32;49mCompleted 404 Not Found in 7.2ms

[0m
[0;32;49mCompleted 404 Not Found in 5.7ms

[0m
[0;97;49mStarted GET "/js/jqBootstrapValidation.js" at 2014-11-19 11:07:41 +0000[0m
Detecting locale EN
[0;32;49mCompleted 404 Not Found in 7.2ms

[0m
[0;97;49mStarted GET "/js/contact_me.js" at 2014-11-19 11:07:41 +0000[0m
Detecting locale EN
[0;32;49mCompleted 404 Not Found in 1.4ms

[0m
[0;97;49mStarted GET "/js/agency.js" at 2014-11-19 11:07:41 +0000[0m
Detecting locale EN
[0;32;49mCompleted 404 Not Found in 1.7ms

[0m
[0;97;49mStarted GET "/img/portfolio/golden.png" at 2014-11-19 11:07:41 +0000[0m
Detecting locale EN
[0;32;49mCompleted 404 Not Found in 2.0ms

[0m
[0;97;49mStarted GET "/img/portfolio/escape.png" at 2014-11-19 11:07:41 +0000[0m
Detecting locale EN
[0;32;49mCompleted 404 Not Found in 1.4ms

[0m
[0;97;49mStarted GET "/img/portfolio/dreams.png" at 2014-11-19 11:07:41 +0000[0m
Detecting locale EN
[0;32;49mCompleted 404 Not Found in 1.5ms

[0m
[0;97;49mStarted GET "/img/about/2.jpg" at 2014-11-19 11:07:41 +0000[0m
Detecting locale EN
[0;97;49mStarted GET "/img/about/1.jpg" at 2014-11-19 11:07:41 +0000[0m
[0;32;49mCompleted 404 Not Found in 37.2ms

[0m
Detecting locale EN
[0;97;49mStarted GET "/img/about/3.jpg" at 2014-11-19 11:07:41 +0000[0m
[0;32;49mCompleted 404 Not Found in 4.4ms

[0m
Detecting locale EN
[0;97;49mStarted GET "/img/about/4.jpg" at 2014-11-19 11:07:41 +0000[0m
[0;32;49mCompleted 404 Not Found in 8.4ms

[0m
Detecting locale EN
[0;32;49mCompleted 404 Not Found in 3.0ms

[0m
[0;97;49mStarted GET "/img/team/1.jpg" at 2014-11-19 11:07:41 +0000[0m
Detecting locale EN
[0;32;49mCompleted 404 Not Found in 1.2ms

[0m
[0;97;49mStarted GET "/img/team/2.jpg" at 2014-11-19 11:07:41 +0000[0m
Detecting locale EN
[0;32;49mCompleted 404 Not Found in 1.3ms

[0m
[0;97;49mStarted GET "/img/team/3.jpg" at 2014-11-19 11:07:41 +0000[0m
Detecting locale EN
[0;32;49mCompleted 404 Not Found in 1.5ms

[0m
[0;97;49mStarted GET "/img/logos/envato.jpg" at 2014-11-19 11:07:41 +0000[0m
Detecting locale EN
[0;32;49mCompleted 404 Not Found in 1.2ms

[0m
[0;97;49mStarted GET "/img/logos/designmodo.jpg" at 2014-11-19 11:07:41 +0000[0m
Detecting locale EN
[0;32;49mCompleted 404 Not Found in 1.3ms

[0m
[0;97;49mStarted GET "/img/logos/themeforest.jpg" at 2014-11-19 11:07:41 +0000[0m
Detecting locale EN
[0;32;49mCompleted 404 Not Found in 1.3ms

[0m
[0;97;49mStarted GET "/img/logos/creative-market.jpg" at 2014-11-19 11:07:41 +0000[0m
Detecting locale EN
[0;32;49mCompleted 404 Not Found in 1.2ms

[0m
[0;97;49mStarted GET "/img/portfolio/roundicons-free.png" at 2014-11-19 11:07:41 +0000[0m
Detecting locale EN
[0;32;49mCompleted 404 Not Found in 1.2ms

[0m
[0;97;49mStarted GET "/img/portfolio/startup-framework-preview.png" at 2014-11-19 11:07:41 +0000[0m
Detecting locale EN
[0;32;49mCompleted 404 Not Found in 2.5ms

[0m
[0;97;49mStarted GET "/img/portfolio/treehouse-preview.png" at 2014-11-19 11:07:41 +0000[0m
Detecting locale EN
[0;32;49mCompleted 404 Not Found in 1.3ms

[0m
[0;97;49mStarted GET "/img/portfolio/golden-preview.png" at 2014-11-19 11:07:41 +0000[0m
Detecting locale EN
[0;32;49mCompleted 404 Not Found in 1.3ms

[0m
[0;97;49mStarted GET "/img/portfolio/escape-preview.png" at 2014-11-19 11:07:41 +0000[0m
Detecting locale EN
[0;32;49mCompleted 404 Not Found in 2.5ms

[0m
[0;97;49mStarted GET "/img/portfolio/dreams-preview.png" at 2014-11-19 11:07:41 +0000[0m
Detecting locale EN
[0;32;49mCompleted 404 Not Found in 1.3ms

[0m
[0;97;49mStarted GET "/img/header-bg.jpg" at 2014-11-19 11:07:42 +0000[0m
Detecting locale EN
[0;32;49mCompleted 404 Not Found in 1.2ms

[0m
[0;97;49mStarted GET "/img/map-image.png" at 2014-11-19 11:07:42 +0000[0m
Detecting locale EN
[0;32;49mCompleted 404 Not Found in 1.4ms

[0m
* Reloaded "pages", "snippets" at 2014-11-19 11:08:40 +0000
[0;97;49mStarted GET "/" at 2014-11-19 11:08:43 +0000[0m
Detecting locale EN
Found page "Home page" [index]
  Rendered liquid page template
[0;32;49mCompleted 200 OK in 1.2ms

[0m
[0;97;49mStarted GET "/font-awesome-4.1.0/css/font-awesome.min.css" at 2014-11-19 11:08:43 +0000[0m
Detecting locale EN
[0;32;49mCompleted 404 Not Found in 1.6ms

[0m
[0;97;49mStarted GET "/js/jquery.js" at 2014-11-19 11:08:43 +0000[0m
Detecting locale EN
[0;32;49mCompleted 404 Not Found in 38.8ms

[0m
[0;97;49mStarted GET "/js/bootstrap.min.js" at 2014-11-19 11:08:43 +0000[0m
Detecting locale EN
[0;32;49mCompleted 404 Not Found in 1.3ms

[0m
[0;97;49mStarted GET "/js/classie.js" at 2014-11-19 11:08:43 +0000[0m
Detecting locale EN
[0;32;49mCompleted 404 Not Found in 1.2ms

[0m
[0;97;49mStarted GET "/js/cbpAnimatedHeader.js" at 2014-11-19 11:08:43 +0000[0m
Detecting locale EN
[0;97;49mStarted GET "/js/jqBootstrapValidation.js" at 2014-11-19 11:08:43 +0000[0m
[0;32;49mCompleted 404 Not Found in 2.1ms

[0m
Detecting locale EN
[0;97;49mStarted GET "/js/contact_me.js" at 2014-11-19 11:08:43 +0000[0m
[0;97;49mStarted GET "/js/agency.js" at 2014-11-19 11:08:43 +0000[0m
[0;32;49mCompleted 404 Not Found in 11.0ms

[0m
Detecting locale EN
Detecting locale EN
[0;32;49mCompleted 404 Not Found in 6.6ms

[0m
[0;32;49mCompleted 404 Not Found in 6.9ms

[0m
[0;97;49mStarted GET "/img/header-bg.jpg" at 2014-11-19 11:08:43 +0000[0m
Detecting locale EN
[0;32;49mCompleted 404 Not Found in 1.4ms

[0m
[0;97;49mStarted GET "/img/map-image.png" at 2014-11-19 11:08:43 +0000[0m
Detecting locale EN
[0;32;49mCompleted 404 Not Found in 1.0ms

[0m
[0;97;49mStarted GET "/" at 2014-11-19 11:08:45 +0000[0m
Detecting locale EN
Found page "Home page" [index]
  Rendered liquid page template
[0;32;49mCompleted 200 OK in 1.3ms

[0m
[0;97;49mStarted GET "/font-awesome-4.1.0/css/font-awesome.min.css" at 2014-11-19 11:08:45 +0000[0m
Detecting locale EN
[0;32;49mCompleted 404 Not Found in 1.3ms

[0m
[0;97;49mStarted GET "/js/jquery.js" at 2014-11-19 11:08:45 +0000[0m
Detecting locale EN
[0;32;49mCompleted 404 Not Found in 1.3ms

[0m
[0;97;49mStarted GET "/js/bootstrap.min.js" at 2014-11-19 11:08:45 +0000[0m
Detecting locale EN
[0;32;49mCompleted 404 Not Found in 1.1ms

[0m
[0;97;49mStarted GET "/js/classie.js" at 2014-11-19 11:08:45 +0000[0m
Detecting locale EN
[0;32;49mCompleted 404 Not Found in 0.9ms

[0m
[0;97;49mStarted GET "/js/cbpAnimatedHeader.js" at 2014-11-19 11:08:45 +0000[0m
Detecting locale EN
[0;32;49mCompleted 404 Not Found in 1.0ms

[0m
[0;97;49mStarted GET "/js/jqBootstrapValidation.js" at 2014-11-19 11:08:45 +0000[0m
Detecting locale EN
[0;32;49mCompleted 404 Not Found in 1.0ms

[0m
[0;97;49mStarted GET "/js/contact_me.js" at 2014-11-19 11:08:45 +0000[0m
Detecting locale EN
[0;32;49mCompleted 404 Not Found in 3.0ms

[0m
[0;97;49mStarted GET "/js/agency.js" at 2014-11-19 11:08:45 +0000[0m
Detecting locale EN
[0;32;49mCompleted 404 Not Found in 1.1ms

[0m
[0;97;49mStarted GET "/img/header-bg.jpg" at 2014-11-19 11:08:45 +0000[0m
Detecting locale EN
[0;32;49mCompleted 404 Not Found in 0.7ms

[0m
[0;97;49mStarted GET "/img/map-image.png" at 2014-11-19 11:08:45 +0000[0m
Detecting locale EN
[0;32;49mCompleted 404 Not Found in 1.0ms

[0m
[0;97;49mStarted GET "/font-awesome-4.1.0/css/font-awesome.min.css" at 2014-11-19 11:08:50 +0000[0m
Detecting locale EN
[0;32;49mCompleted 404 Not Found in 1.2ms

[0m
* Reloaded "pages", "snippets" at 2014-11-19 11:11:27 +0000
[0;97;49mStarted GET "/" at 2014-11-19 11:11:56 +0000[0m
Detecting locale EN
Found page "Home page" [index]
  Rendered liquid page template
[0;32;49mCompleted 200 OK in 0.9ms

[0m
[0;97;49mStarted GET "/font-awesome-4.1.0/css/font-awesome.min.css" at 2014-11-19 11:11:56 +0000[0m
Detecting locale EN
[0;32;49mCompleted 404 Not Found in 2.1ms

[0m
[0;97;49mStarted GET "/js/jquery.js" at 2014-11-19 11:11:56 +0000[0m
Detecting locale EN
[0;32;49mCompleted 404 Not Found in 9.3ms

[0m
[0;97;49mStarted GET "/js/classie.js" at 2014-11-19 11:11:56 +0000[0m
Detecting locale EN
[0;32;49mCompleted 404 Not Found in 1.6ms

[0m
[0;97;49mStarted GET "/js/contact_me.js" at 2014-11-19 11:11:56 +0000[0m
[0;97;49mStarted GET "/js/cbpAnimatedHeader.js" at 2014-11-19 11:11:56 +0000[0m
Detecting locale EN
Detecting locale EN
[0;97;49mStarted GET "/js/agency.js" at 2014-11-19 11:11:56 +0000[0m
[0;97;49mStarted GET "/js/jqBootstrapValidation.js" at 2014-11-19 11:11:56 +0000[0m
[0;32;49mCompleted 404 Not Found in 6.7ms

[0m
[0;32;49mCompleted 404 Not Found in 7.3ms

[0m
Detecting locale EN
Detecting locale EN
[0;32;49mCompleted 404 Not Found in 19.4ms

[0m
[0;32;49mCompleted 404 Not Found in 27.3ms

[0m
[0;97;49mStarted GET "/img/header-bg.jpg" at 2014-11-19 11:11:57 +0000[0m
Detecting locale EN
[0;32;49mCompleted 404 Not Found in 2.7ms

[0m
[0;97;49mStarted GET "/img/map-image.png" at 2014-11-19 11:11:57 +0000[0m
Detecting locale EN
[0;32;49mCompleted 404 Not Found in 1.8ms

[0m
[0;97;49mStarted GET "/font-awesome-4.1.0/css/font-awesome.min.css" at 2014-11-19 11:12:53 +0000[0m
Detecting locale EN
[0;32;49mCompleted 404 Not Found in 0.9ms

[0m
* Reloaded "pages", "snippets" at 2014-11-19 11:13:39 +0000
[0;97;49mStarted GET "/" at 2014-11-19 11:13:41 +0000[0m
Detecting locale EN
Found page "Home page" [index]
  Rendered liquid page template
[0;32;49mCompleted 200 OK in 1.4ms

[0m
[0;97;49mStarted GET "/font-awesome-4.1.0/css/font-awesome.min.css" at 2014-11-19 11:13:41 +0000[0m
Detecting locale EN
[0;32;49mCompleted 404 Not Found in 2.2ms

[0m
[0;97;49mStarted GET "/img/header-bg.jpg" at 2014-11-19 11:13:43 +0000[0m
Detecting locale EN
[0;32;49mCompleted 404 Not Found in 1.8ms

[0m
[0;97;49mStarted GET "/img/map-image.png" at 2014-11-19 11:13:43 +0000[0m
Detecting locale EN
[0;32;49mCompleted 404 Not Found in 1.6ms

[0m
[0;97;49mStarted GET "/" at 2014-11-19 11:15:19 +0000[0m
Detecting locale EN
Found page "Home page" [index]
  Rendered liquid page template
[0;32;49mCompleted 200 OK in 1.2ms

[0m
[0;97;49mStarted GET "/font-awesome-4.1.0/css/font-awesome.min.css" at 2014-11-19 11:15:19 +0000[0m
Detecting locale EN
[0;32;49mCompleted 404 Not Found in 4.8ms

[0m
[0;97;49mStarted GET "/img/map-image.png" at 2014-11-19 11:15:20 +0000[0m
Detecting locale EN
[0;32;49mCompleted 404 Not Found in 1.4ms

[0m
[0;97;49mStarted GET "/" at 2014-11-19 14:11:23 +0000[0m
Detecting locale EN
Found page "Home page" [index]
  Rendered liquid page template
[0;32;49mCompleted 200 OK in 1.8ms

[0m
[0;97;49mStarted GET "/font-awesome-4.1.0/css/font-awesome.min.css" at 2014-11-19 14:11:23 +0000[0m
Detecting locale EN
[0;32;49mCompleted 404 Not Found in 1.3ms

[0m
[0;97;49mStarted GET "/img/map-image.png" at 2014-11-19 14:11:27 +0000[0m
Detecting locale EN
[0;32;49mCompleted 404 Not Found in 3.3ms

[0m
* Reloaded "pages", "snippets" at 2014-11-19 14:11:31 +0000
[0;97;49mStarted GET "/" at 2014-11-19 14:13:32 +0000[0m
Detecting locale EN
Found page "Home page" [index]
  Rendered liquid page template
[0;32;49mCompleted 200 OK in 1.8ms

[0m
[0;97;49mStarted GET "/font-awesome-4.1.0/css/font-awesome.min.css" at 2014-11-19 14:13:32 +0000[0m
Detecting locale EN
[0;32;49mCompleted 404 Not Found in 1.3ms

[0m
[0;97;49mStarted GET "/img/map-image.png" at 2014-11-19 14:13:33 +0000[0m
Detecting locale EN
[0;32;49mCompleted 404 Not Found in 1.8ms

[0m
[0;97;49mStarted GET "/font-awesome-4.1.0/css/font-awesome.min.css" at 2014-11-19 14:20:33 +0000[0m
Detecting locale EN
[0;32;49mCompleted 404 Not Found in 1.7ms

[0m
* Reloaded "pages", "snippets" at 2014-11-19 14:21:42 +0000
[Locomotive::Mounter::Models::Page] setting an unknown attribute 'leadin' with the value '"Welcom"'
[Locomotive::Mounter::Models::Page] setting an unknown attribute 'leadin' with the value '"Welcom"'
	/Library/Ruby/Gems/2.0.0/gems/locomotivecms_mounter-1.4.4/lib/locomotive/mounter/fields.rb:52:in `block in write_attributes'
	/Library/Ruby/Gems/2.0.0/gems/locomotivecms_mounter-1.4.4/lib/locomotive/mounter/fields.rb:49:in `each'
	/Library/Ruby/Gems/2.0.0/gems/locomotivecms_mounter-1.4.4/lib/locomotive/mounter/fields.rb:49:in `write_attributes'
	/Library/Ruby/Gems/2.0.0/gems/locomotivecms_mounter-1.4.4/lib/locomotive/mounter/reader/file_system/pages_reader.rb:146:in `set_attributes_from_header'
	/Library/Ruby/Gems/2.0.0/gems/locomotivecms_mounter-1.4.4/lib/locomotive/mounter/reader/file_system/pages_reader.rb:87:in `block (2 levels) in fetch'
	/Library/Ruby/Gems/2.0.0/gems/locomotivecms_mounter-1.4.4/lib/locomotive/mounter.rb:99:in `with_locale'
	/Library/Ruby/Gems/2.0.0/gems/locomotivecms_mounter-1.4.4/lib/locomotive/mounter/reader/file_system/pages_reader.rb:86:in `block in fetch'
	/Library/Ruby/Gems/2.0.0/gems/locomotivecms_mounter-1.4.4/lib/locomotive/mounter/reader/file_system/pages_reader.rb:74:in `each'
	/Library/Ruby/Gems/2.0.0/gems/locomotivecms_mounter-1.4.4/lib/locomotive/mounter/reader/file_system/pages_reader.rb:74:in `fetch'
	/Library/Ruby/Gems/2.0.0/gems/locomotivecms_mounter-1.4.4/lib/locomotive/mounter/reader/file_system/pages_reader.rb:20:in `read'
	/Library/Ruby/Gems/2.0.0/gems/locomotivecms_mounter-1.4.4/lib/locomotive/mounter/reader/runner.rb:48:in `block (2 levels) in reload'
	/Library/Ruby/Gems/2.0.0/gems/locomotivecms_mounter-1.4.4/lib/locomotive/mounter/reader/runner.rb:40:in `each'
	/Library/Ruby/Gems/2.0.0/gems/locomotivecms_mounter-1.4.4/lib/locomotive/mounter/reader/runner.rb:40:in `block in reload'
	/Library/Ruby/Gems/2.0.0/gems/locomotivecms_mounter-1.4.4/lib/locomotive/mounter.rb:99:in `with_locale'
	/Library/Ruby/Gems/2.0.0/gems/locomotivecms_mounter-1.4.4/lib/locomotive/mounter/reader/runner.rb:39:in `reload'
	/Library/Ruby/Gems/2.0.0/gems/locomotivecms_wagon-1.5.0/lib/locomotive/wagon/listen.rb:41:in `block in apply'
	/Library/Ruby/Gems/2.0.0/gems/listen-2.7.12/lib/listen/listener.rb:282:in `call'
	/Library/Ruby/Gems/2.0.0/gems/listen-2.7.12/lib/listen/listener.rb:282:in `_process_changes'
	/Library/Ruby/Gems/2.0.0/gems/listen-2.7.12/lib/listen/listener.rb:246:in `block in _wait_for_changes'
	/Library/Ruby/Gems/2.0.0/gems/listen-2.7.12/lib/listen/listener.rb:229:in `loop'
	/Library/Ruby/Gems/2.0.0/gems/listen-2.7.12/lib/listen/listener.rb:229:in `_wait_for_changes'
	/Library/Ruby/Gems/2.0.0/gems/listen-2.7.12/lib/listen/listener.rb:318:in `block in _start_wait_thread'


[0;97;49mStarted GET "/" at 2014-11-19 14:21:45 +0000[0m
Detecting locale EN
Found page "Home page" [index]
  Rendered liquid page template
[0;32;49mCompleted 200 OK in 1.4ms

[0m
[0;97;49mStarted GET "/font-awesome-4.1.0/css/font-awesome.min.css" at 2014-11-19 14:21:45 +0000[0m
Detecting locale EN
[0;32;49mCompleted 404 Not Found in 2.1ms

[0m
[0;97;49mStarted GET "/img/map-image.png" at 2014-11-19 14:21:46 +0000[0m
Detecting locale EN
[0;32;49mCompleted 404 Not Found in 2.1ms

[0m
* Reloaded "pages", "snippets" at 2014-11-19 14:22:02 +0000
[Locomotive::Mounter::Models::Page] setting an unknown attribute 'leadin' with the value '"Welcom"'
[Locomotive::Mounter::Models::Page] setting an unknown attribute 'leadin' with the value '"Welcom"'
	/Library/Ruby/Gems/2.0.0/gems/locomotivecms_mounter-1.4.4/lib/locomotive/mounter/fields.rb:52:in `block in write_attributes'
	/Library/Ruby/Gems/2.0.0/gems/locomotivecms_mounter-1.4.4/lib/locomotive/mounter/fields.rb:49:in `each'
	/Library/Ruby/Gems/2.0.0/gems/locomotivecms_mounter-1.4.4/lib/locomotive/mounter/fields.rb:49:in `write_attributes'
	/Library/Ruby/Gems/2.0.0/gems/locomotivecms_mounter-1.4.4/lib/locomotive/mounter/reader/file_system/pages_reader.rb:146:in `set_attributes_from_header'
	/Library/Ruby/Gems/2.0.0/gems/locomotivecms_mounter-1.4.4/lib/locomotive/mounter/reader/file_system/pages_reader.rb:87:in `block (2 levels) in fetch'
	/Library/Ruby/Gems/2.0.0/gems/locomotivecms_mounter-1.4.4/lib/locomotive/mounter.rb:99:in `with_locale'
	/Library/Ruby/Gems/2.0.0/gems/locomotivecms_mounter-1.4.4/lib/locomotive/mounter/reader/file_system/pages_reader.rb:86:in `block in fetch'
	/Library/Ruby/Gems/2.0.0/gems/locomotivecms_mounter-1.4.4/lib/locomotive/mounter/reader/file_system/pages_reader.rb:74:in `each'
	/Library/Ruby/Gems/2.0.0/gems/locomotivecms_mounter-1.4.4/lib/locomotive/mounter/reader/file_system/pages_reader.rb:74:in `fetch'
	/Library/Ruby/Gems/2.0.0/gems/locomotivecms_mounter-1.4.4/lib/locomotive/mounter/reader/file_system/pages_reader.rb:20:in `read'
	/Library/Ruby/Gems/2.0.0/gems/locomotivecms_mounter-1.4.4/lib/locomotive/mounter/reader/runner.rb:48:in `block (2 levels) in reload'
	/Library/Ruby/Gems/2.0.0/gems/locomotivecms_mounter-1.4.4/lib/locomotive/mounter/reader/runner.rb:40:in `each'
	/Library/Ruby/Gems/2.0.0/gems/locomotivecms_mounter-1.4.4/lib/locomotive/mounter/reader/runner.rb:40:in `block in reload'
	/Library/Ruby/Gems/2.0.0/gems/locomotivecms_mounter-1.4.4/lib/locomotive/mounter.rb:99:in `with_locale'
	/Library/Ruby/Gems/2.0.0/gems/locomotivecms_mounter-1.4.4/lib/locomotive/mounter/reader/runner.rb:39:in `reload'
	/Library/Ruby/Gems/2.0.0/gems/locomotivecms_wagon-1.5.0/lib/locomotive/wagon/listen.rb:41:in `block in apply'
	/Library/Ruby/Gems/2.0.0/gems/listen-2.7.12/lib/listen/listener.rb:282:in `call'
	/Library/Ruby/Gems/2.0.0/gems/listen-2.7.12/lib/listen/listener.rb:282:in `_process_changes'
	/Library/Ruby/Gems/2.0.0/gems/listen-2.7.12/lib/listen/listener.rb:246:in `block in _wait_for_changes'
	/Library/Ruby/Gems/2.0.0/gems/listen-2.7.12/lib/listen/listener.rb:229:in `loop'
	/Library/Ruby/Gems/2.0.0/gems/listen-2.7.12/lib/listen/listener.rb:229:in `_wait_for_changes'
	/Library/Ruby/Gems/2.0.0/gems/listen-2.7.12/lib/listen/listener.rb:318:in `block in _start_wait_thread'


[0;97;49mStarted GET "/" at 2014-11-19 14:22:04 +0000[0m
Detecting locale EN
Found page "Home page" [index]
  Rendered liquid page template
[0;32;49mCompleted 200 OK in 1.6ms

[0m
[0;97;49mStarted GET "/font-awesome-4.1.0/css/font-awesome.min.css" at 2014-11-19 14:22:04 +0000[0m
Detecting locale EN
[0;32;49mCompleted 404 Not Found in 1.7ms

[0m
[0;97;49mStarted GET "/img/map-image.png" at 2014-11-19 14:22:04 +0000[0m
Detecting locale EN
[0;32;49mCompleted 404 Not Found in 3.4ms

[0m
* Reloaded "pages", "snippets" at 2014-11-19 14:22:28 +0000
[Locomotive::Mounter::Models::Page] setting an unknown attribute 'leadin' with the value '"Welcom"'
[Locomotive::Mounter::Models::Page] setting an unknown attribute 'leadin' with the value '"Welcom"'
	/Library/Ruby/Gems/2.0.0/gems/locomotivecms_mounter-1.4.4/lib/locomotive/mounter/fields.rb:52:in `block in write_attributes'
	/Library/Ruby/Gems/2.0.0/gems/locomotivecms_mounter-1.4.4/lib/locomotive/mounter/fields.rb:49:in `each'
	/Library/Ruby/Gems/2.0.0/gems/locomotivecms_mounter-1.4.4/lib/locomotive/mounter/fields.rb:49:in `write_attributes'
	/Library/Ruby/Gems/2.0.0/gems/locomotivecms_mounter-1.4.4/lib/locomotive/mounter/reader/file_system/pages_reader.rb:146:in `set_attributes_from_header'
	/Library/Ruby/Gems/2.0.0/gems/locomotivecms_mounter-1.4.4/lib/locomotive/mounter/reader/file_system/pages_reader.rb:87:in `block (2 levels) in fetch'
	/Library/Ruby/Gems/2.0.0/gems/locomotivecms_mounter-1.4.4/lib/locomotive/mounter.rb:99:in `with_locale'
	/Library/Ruby/Gems/2.0.0/gems/locomotivecms_mounter-1.4.4/lib/locomotive/mounter/reader/file_system/pages_reader.rb:86:in `block in fetch'
	/Library/Ruby/Gems/2.0.0/gems/locomotivecms_mounter-1.4.4/lib/locomotive/mounter/reader/file_system/pages_reader.rb:74:in `each'
	/Library/Ruby/Gems/2.0.0/gems/locomotivecms_mounter-1.4.4/lib/locomotive/mounter/reader/file_system/pages_reader.rb:74:in `fetch'
	/Library/Ruby/Gems/2.0.0/gems/locomotivecms_mounter-1.4.4/lib/locomotive/mounter/reader/file_system/pages_reader.rb:20:in `read'
	/Library/Ruby/Gems/2.0.0/gems/locomotivecms_mounter-1.4.4/lib/locomotive/mounter/reader/runner.rb:48:in `block (2 levels) in reload'
	/Library/Ruby/Gems/2.0.0/gems/locomotivecms_mounter-1.4.4/lib/locomotive/mounter/reader/runner.rb:40:in `each'
	/Library/Ruby/Gems/2.0.0/gems/locomotivecms_mounter-1.4.4/lib/locomotive/mounter/reader/runner.rb:40:in `block in reload'
	/Library/Ruby/Gems/2.0.0/gems/locomotivecms_mounter-1.4.4/lib/locomotive/mounter.rb:99:in `with_locale'
	/Library/Ruby/Gems/2.0.0/gems/locomotivecms_mounter-1.4.4/lib/locomotive/mounter/reader/runner.rb:39:in `reload'
	/Library/Ruby/Gems/2.0.0/gems/locomotivecms_wagon-1.5.0/lib/locomotive/wagon/listen.rb:41:in `block in apply'
	/Library/Ruby/Gems/2.0.0/gems/listen-2.7.12/lib/listen/listener.rb:282:in `call'
	/Library/Ruby/Gems/2.0.0/gems/listen-2.7.12/lib/listen/listener.rb:282:in `_process_changes'
	/Library/Ruby/Gems/2.0.0/gems/listen-2.7.12/lib/listen/listener.rb:246:in `block in _wait_for_changes'
	/Library/Ruby/Gems/2.0.0/gems/listen-2.7.12/lib/listen/listener.rb:229:in `loop'
	/Library/Ruby/Gems/2.0.0/gems/listen-2.7.12/lib/listen/listener.rb:229:in `_wait_for_changes'
	/Library/Ruby/Gems/2.0.0/gems/listen-2.7.12/lib/listen/listener.rb:318:in `block in _start_wait_thread'


[0;97;49mStarted GET "/" at 2014-11-19 14:22:28 +0000[0m
Detecting locale EN
Found page "Home page" [index]
  Rendered liquid page template
[0;32;49mCompleted 200 OK in 1.5ms

[0m
[0;97;49mStarted GET "/font-awesome-4.1.0/css/font-awesome.min.css" at 2014-11-19 14:22:28 +0000[0m
Detecting locale EN
[0;32;49mCompleted 404 Not Found in 1.9ms

[0m
[0;97;49mStarted GET "/img/map-image.png" at 2014-11-19 14:22:29 +0000[0m
Detecting locale EN
[0;32;49mCompleted 404 Not Found in 2.0ms

[0m
* Reloaded "pages", "snippets" at 2014-11-19 14:22:37 +0000
[Locomotive::Mounter::Models::Page] setting an unknown attribute 'leadin' with the value '"Welcom"'
[Locomotive::Mounter::Models::Page] setting an unknown attribute 'leadin' with the value '"Welcom"'
	/Library/Ruby/Gems/2.0.0/gems/locomotivecms_mounter-1.4.4/lib/locomotive/mounter/fields.rb:52:in `block in write_attributes'
	/Library/Ruby/Gems/2.0.0/gems/locomotivecms_mounter-1.4.4/lib/locomotive/mounter/fields.rb:49:in `each'
	/Library/Ruby/Gems/2.0.0/gems/locomotivecms_mounter-1.4.4/lib/locomotive/mounter/fields.rb:49:in `write_attributes'
	/Library/Ruby/Gems/2.0.0/gems/locomotivecms_mounter-1.4.4/lib/locomotive/mounter/reader/file_system/pages_reader.rb:146:in `set_attributes_from_header'
	/Library/Ruby/Gems/2.0.0/gems/locomotivecms_mounter-1.4.4/lib/locomotive/mounter/reader/file_system/pages_reader.rb:87:in `block (2 levels) in fetch'
	/Library/Ruby/Gems/2.0.0/gems/locomotivecms_mounter-1.4.4/lib/locomotive/mounter.rb:99:in `with_locale'
	/Library/Ruby/Gems/2.0.0/gems/locomotivecms_mounter-1.4.4/lib/locomotive/mounter/reader/file_system/pages_reader.rb:86:in `block in fetch'
	/Library/Ruby/Gems/2.0.0/gems/locomotivecms_mounter-1.4.4/lib/locomotive/mounter/reader/file_system/pages_reader.rb:74:in `each'
	/Library/Ruby/Gems/2.0.0/gems/locomotivecms_mounter-1.4.4/lib/locomotive/mounter/reader/file_system/pages_reader.rb:74:in `fetch'
	/Library/Ruby/Gems/2.0.0/gems/locomotivecms_mounter-1.4.4/lib/locomotive/mounter/reader/file_system/pages_reader.rb:20:in `read'
	/Library/Ruby/Gems/2.0.0/gems/locomotivecms_mounter-1.4.4/lib/locomotive/mounter/reader/runner.rb:48:in `block (2 levels) in reload'
	/Library/Ruby/Gems/2.0.0/gems/locomotivecms_mounter-1.4.4/lib/locomotive/mounter/reader/runner.rb:40:in `each'
	/Library/Ruby/Gems/2.0.0/gems/locomotivecms_mounter-1.4.4/lib/locomotive/mounter/reader/runner.rb:40:in `block in reload'
	/Library/Ruby/Gems/2.0.0/gems/locomotivecms_mounter-1.4.4/lib/locomotive/mounter.rb:99:in `with_locale'
	/Library/Ruby/Gems/2.0.0/gems/locomotivecms_mounter-1.4.4/lib/locomotive/mounter/reader/runner.rb:39:in `reload'
	/Library/Ruby/Gems/2.0.0/gems/locomotivecms_wagon-1.5.0/lib/locomotive/wagon/listen.rb:41:in `block in apply'
	/Library/Ruby/Gems/2.0.0/gems/listen-2.7.12/lib/listen/listener.rb:282:in `call'
	/Library/Ruby/Gems/2.0.0/gems/listen-2.7.12/lib/listen/listener.rb:282:in `_process_changes'
	/Library/Ruby/Gems/2.0.0/gems/listen-2.7.12/lib/listen/listener.rb:246:in `block in _wait_for_changes'
	/Library/Ruby/Gems/2.0.0/gems/listen-2.7.12/lib/listen/listener.rb:229:in `loop'
	/Library/Ruby/Gems/2.0.0/gems/listen-2.7.12/lib/listen/listener.rb:229:in `_wait_for_changes'
	/Library/Ruby/Gems/2.0.0/gems/listen-2.7.12/lib/listen/listener.rb:318:in `block in _start_wait_thread'


* Reloaded "pages", "snippets" at 2014-11-19 14:22:39 +0000
[Locomotive::Mounter::Models::Page] setting an unknown attribute 'leadin' with the value '"Welcom"'
[Locomotive::Mounter::Models::Page] setting an unknown attribute 'leadin' with the value '"Welcom"'
	/Library/Ruby/Gems/2.0.0/gems/locomotivecms_mounter-1.4.4/lib/locomotive/mounter/fields.rb:52:in `block in write_attributes'
	/Library/Ruby/Gems/2.0.0/gems/locomotivecms_mounter-1.4.4/lib/locomotive/mounter/fields.rb:49:in `each'
	/Library/Ruby/Gems/2.0.0/gems/locomotivecms_mounter-1.4.4/lib/locomotive/mounter/fields.rb:49:in `write_attributes'
	/Library/Ruby/Gems/2.0.0/gems/locomotivecms_mounter-1.4.4/lib/locomotive/mounter/reader/file_system/pages_reader.rb:146:in `set_attributes_from_header'
	/Library/Ruby/Gems/2.0.0/gems/locomotivecms_mounter-1.4.4/lib/locomotive/mounter/reader/file_system/pages_reader.rb:87:in `block (2 levels) in fetch'
	/Library/Ruby/Gems/2.0.0/gems/locomotivecms_mounter-1.4.4/lib/locomotive/mounter.rb:99:in `with_locale'
	/Library/Ruby/Gems/2.0.0/gems/locomotivecms_mounter-1.4.4/lib/locomotive/mounter/reader/file_system/pages_reader.rb:86:in `block in fetch'
	/Library/Ruby/Gems/2.0.0/gems/locomotivecms_mounter-1.4.4/lib/locomotive/mounter/reader/file_system/pages_reader.rb:74:in `each'
	/Library/Ruby/Gems/2.0.0/gems/locomotivecms_mounter-1.4.4/lib/locomotive/mounter/reader/file_system/pages_reader.rb:74:in `fetch'
	/Library/Ruby/Gems/2.0.0/gems/locomotivecms_mounter-1.4.4/lib/locomotive/mounter/reader/file_system/pages_reader.rb:20:in `read'
	/Library/Ruby/Gems/2.0.0/gems/locomotivecms_mounter-1.4.4/lib/locomotive/mounter/reader/runner.rb:48:in `block (2 levels) in reload'
	/Library/Ruby/Gems/2.0.0/gems/locomotivecms_mounter-1.4.4/lib/locomotive/mounter/reader/runner.rb:40:in `each'
	/Library/Ruby/Gems/2.0.0/gems/locomotivecms_mounter-1.4.4/lib/locomotive/mounter/reader/runner.rb:40:in `block in reload'
	/Library/Ruby/Gems/2.0.0/gems/locomotivecms_mounter-1.4.4/lib/locomotive/mounter.rb:99:in `with_locale'
	/Library/Ruby/Gems/2.0.0/gems/locomotivecms_mounter-1.4.4/lib/locomotive/mounter/reader/runner.rb:39:in `reload'
	/Library/Ruby/Gems/2.0.0/gems/locomotivecms_wagon-1.5.0/lib/locomotive/wagon/listen.rb:41:in `block in apply'
	/Library/Ruby/Gems/2.0.0/gems/listen-2.7.12/lib/listen/listener.rb:282:in `call'
	/Library/Ruby/Gems/2.0.0/gems/listen-2.7.12/lib/listen/listener.rb:282:in `_process_changes'
	/Library/Ruby/Gems/2.0.0/gems/listen-2.7.12/lib/listen/listener.rb:246:in `block in _wait_for_changes'
	/Library/Ruby/Gems/2.0.0/gems/listen-2.7.12/lib/listen/listener.rb:229:in `loop'
	/Library/Ruby/Gems/2.0.0/gems/listen-2.7.12/lib/listen/listener.rb:229:in `_wait_for_changes'
	/Library/Ruby/Gems/2.0.0/gems/listen-2.7.12/lib/listen/listener.rb:318:in `block in _start_wait_thread'


[0;97;49mStarted GET "/" at 2014-11-19 14:22:41 +0000[0m
Detecting locale EN
Found page "Home page" [index]
  Rendered liquid page template
[0;32;49mCompleted 200 OK in 1.5ms

[0m
[0;97;49mStarted GET "/font-awesome-4.1.0/css/font-awesome.min.css" at 2014-11-19 14:22:41 +0000[0m
Detecting locale EN
[0;32;49mCompleted 404 Not Found in 1.6ms

[0m
[0;97;49mStarted GET "/img/map-image.png" at 2014-11-19 14:22:41 +0000[0m
Detecting locale EN
[0;32;49mCompleted 404 Not Found in 1.5ms

[0m
* Reloaded "pages", "snippets" at 2014-11-19 14:22:49 +0000
[Locomotive::Mounter::Models::Page] setting an unknown attribute 'leadIn' with the value '"Welcome"'
[Locomotive::Mounter::Models::Page] setting an unknown attribute 'leadIn' with the value '"Welcome"'
	/Library/Ruby/Gems/2.0.0/gems/locomotivecms_mounter-1.4.4/lib/locomotive/mounter/fields.rb:52:in `block in write_attributes'
	/Library/Ruby/Gems/2.0.0/gems/locomotivecms_mounter-1.4.4/lib/locomotive/mounter/fields.rb:49:in `each'
	/Library/Ruby/Gems/2.0.0/gems/locomotivecms_mounter-1.4.4/lib/locomotive/mounter/fields.rb:49:in `write_attributes'
	/Library/Ruby/Gems/2.0.0/gems/locomotivecms_mounter-1.4.4/lib/locomotive/mounter/reader/file_system/pages_reader.rb:146:in `set_attributes_from_header'
	/Library/Ruby/Gems/2.0.0/gems/locomotivecms_mounter-1.4.4/lib/locomotive/mounter/reader/file_system/pages_reader.rb:87:in `block (2 levels) in fetch'
	/Library/Ruby/Gems/2.0.0/gems/locomotivecms_mounter-1.4.4/lib/locomotive/mounter.rb:99:in `with_locale'
	/Library/Ruby/Gems/2.0.0/gems/locomotivecms_mounter-1.4.4/lib/locomotive/mounter/reader/file_system/pages_reader.rb:86:in `block in fetch'
	/Library/Ruby/Gems/2.0.0/gems/locomotivecms_mounter-1.4.4/lib/locomotive/mounter/reader/file_system/pages_reader.rb:74:in `each'
	/Library/Ruby/Gems/2.0.0/gems/locomotivecms_mounter-1.4.4/lib/locomotive/mounter/reader/file_system/pages_reader.rb:74:in `fetch'
	/Library/Ruby/Gems/2.0.0/gems/locomotivecms_mounter-1.4.4/lib/locomotive/mounter/reader/file_system/pages_reader.rb:20:in `read'
	/Library/Ruby/Gems/2.0.0/gems/locomotivecms_mounter-1.4.4/lib/locomotive/mounter/reader/runner.rb:48:in `block (2 levels) in reload'
	/Library/Ruby/Gems/2.0.0/gems/locomotivecms_mounter-1.4.4/lib/locomotive/mounter/reader/runner.rb:40:in `each'
	/Library/Ruby/Gems/2.0.0/gems/locomotivecms_mounter-1.4.4/lib/locomotive/mounter/reader/runner.rb:40:in `block in reload'
	/Library/Ruby/Gems/2.0.0/gems/locomotivecms_mounter-1.4.4/lib/locomotive/mounter.rb:99:in `with_locale'
	/Library/Ruby/Gems/2.0.0/gems/locomotivecms_mounter-1.4.4/lib/locomotive/mounter/reader/runner.rb:39:in `reload'
	/Library/Ruby/Gems/2.0.0/gems/locomotivecms_wagon-1.5.0/lib/locomotive/wagon/listen.rb:41:in `block in apply'
	/Library/Ruby/Gems/2.0.0/gems/listen-2.7.12/lib/listen/listener.rb:282:in `call'
	/Library/Ruby/Gems/2.0.0/gems/listen-2.7.12/lib/listen/listener.rb:282:in `_process_changes'
	/Library/Ruby/Gems/2.0.0/gems/listen-2.7.12/lib/listen/listener.rb:246:in `block in _wait_for_changes'
	/Library/Ruby/Gems/2.0.0/gems/listen-2.7.12/lib/listen/listener.rb:229:in `loop'
	/Library/Ruby/Gems/2.0.0/gems/listen-2.7.12/lib/listen/listener.rb:229:in `_wait_for_changes'
	/Library/Ruby/Gems/2.0.0/gems/listen-2.7.12/lib/listen/listener.rb:318:in `block in _start_wait_thread'


* Reloaded "pages", "snippets" at 2014-11-19 14:22:52 +0000
[Locomotive::Mounter::Models::Page] setting an unknown attribute 'lead_in' with the value '"Welcome"'
[Locomotive::Mounter::Models::Page] setting an unknown attribute 'lead_in' with the value '"Welcome"'
	/Library/Ruby/Gems/2.0.0/gems/locomotivecms_mounter-1.4.4/lib/locomotive/mounter/fields.rb:52:in `block in write_attributes'
	/Library/Ruby/Gems/2.0.0/gems/locomotivecms_mounter-1.4.4/lib/locomotive/mounter/fields.rb:49:in `each'
	/Library/Ruby/Gems/2.0.0/gems/locomotivecms_mounter-1.4.4/lib/locomotive/mounter/fields.rb:49:in `write_attributes'
	/Library/Ruby/Gems/2.0.0/gems/locomotivecms_mounter-1.4.4/lib/locomotive/mounter/reader/file_system/pages_reader.rb:146:in `set_attributes_from_header'
	/Library/Ruby/Gems/2.0.0/gems/locomotivecms_mounter-1.4.4/lib/locomotive/mounter/reader/file_system/pages_reader.rb:87:in `block (2 levels) in fetch'
	/Library/Ruby/Gems/2.0.0/gems/locomotivecms_mounter-1.4.4/lib/locomotive/mounter.rb:99:in `with_locale'
	/Library/Ruby/Gems/2.0.0/gems/locomotivecms_mounter-1.4.4/lib/locomotive/mounter/reader/file_system/pages_reader.rb:86:in `block in fetch'
	/Library/Ruby/Gems/2.0.0/gems/locomotivecms_mounter-1.4.4/lib/locomotive/mounter/reader/file_system/pages_reader.rb:74:in `each'
	/Library/Ruby/Gems/2.0.0/gems/locomotivecms_mounter-1.4.4/lib/locomotive/mounter/reader/file_system/pages_reader.rb:74:in `fetch'
	/Library/Ruby/Gems/2.0.0/gems/locomotivecms_mounter-1.4.4/lib/locomotive/mounter/reader/file_system/pages_reader.rb:20:in `read'
	/Library/Ruby/Gems/2.0.0/gems/locomotivecms_mounter-1.4.4/lib/locomotive/mounter/reader/runner.rb:48:in `block (2 levels) in reload'
	/Library/Ruby/Gems/2.0.0/gems/locomotivecms_mounter-1.4.4/lib/locomotive/mounter/reader/runner.rb:40:in `each'
	/Library/Ruby/Gems/2.0.0/gems/locomotivecms_mounter-1.4.4/lib/locomotive/mounter/reader/runner.rb:40:in `block in reload'
	/Library/Ruby/Gems/2.0.0/gems/locomotivecms_mounter-1.4.4/lib/locomotive/mounter.rb:99:in `with_locale'
	/Library/Ruby/Gems/2.0.0/gems/locomotivecms_mounter-1.4.4/lib/locomotive/mounter/reader/runner.rb:39:in `reload'
	/Library/Ruby/Gems/2.0.0/gems/locomotivecms_wagon-1.5.0/lib/locomotive/wagon/listen.rb:41:in `block in apply'
	/Library/Ruby/Gems/2.0.0/gems/listen-2.7.12/lib/listen/listener.rb:282:in `call'
	/Library/Ruby/Gems/2.0.0/gems/listen-2.7.12/lib/listen/listener.rb:282:in `_process_changes'
	/Library/Ruby/Gems/2.0.0/gems/listen-2.7.12/lib/listen/listener.rb:246:in `block in _wait_for_changes'
	/Library/Ruby/Gems/2.0.0/gems/listen-2.7.12/lib/listen/listener.rb:229:in `loop'
	/Library/Ruby/Gems/2.0.0/gems/listen-2.7.12/lib/listen/listener.rb:229:in `_wait_for_changes'
	/Library/Ruby/Gems/2.0.0/gems/listen-2.7.12/lib/listen/listener.rb:318:in `block in _start_wait_thread'


* Reloaded "pages", "snippets" at 2014-11-19 14:23:10 +0000
[Locomotive::Mounter::Models::Page] setting an unknown attribute 'lead_in' with the value '"Welcome"'
[Locomotive::Mounter::Models::Page] setting an unknown attribute 'lead_in' with the value '"Welcome"'
	/Library/Ruby/Gems/2.0.0/gems/locomotivecms_mounter-1.4.4/lib/locomotive/mounter/fields.rb:52:in `block in write_attributes'
	/Library/Ruby/Gems/2.0.0/gems/locomotivecms_mounter-1.4.4/lib/locomotive/mounter/fields.rb:49:in `each'
	/Library/Ruby/Gems/2.0.0/gems/locomotivecms_mounter-1.4.4/lib/locomotive/mounter/fields.rb:49:in `write_attributes'
	/Library/Ruby/Gems/2.0.0/gems/locomotivecms_mounter-1.4.4/lib/locomotive/mounter/reader/file_system/pages_reader.rb:146:in `set_attributes_from_header'
	/Library/Ruby/Gems/2.0.0/gems/locomotivecms_mounter-1.4.4/lib/locomotive/mounter/reader/file_system/pages_reader.rb:87:in `block (2 levels) in fetch'
	/Library/Ruby/Gems/2.0.0/gems/locomotivecms_mounter-1.4.4/lib/locomotive/mounter.rb:99:in `with_locale'
	/Library/Ruby/Gems/2.0.0/gems/locomotivecms_mounter-1.4.4/lib/locomotive/mounter/reader/file_system/pages_reader.rb:86:in `block in fetch'
	/Library/Ruby/Gems/2.0.0/gems/locomotivecms_mounter-1.4.4/lib/locomotive/mounter/reader/file_system/pages_reader.rb:74:in `each'
	/Library/Ruby/Gems/2.0.0/gems/locomotivecms_mounter-1.4.4/lib/locomotive/mounter/reader/file_system/pages_reader.rb:74:in `fetch'
	/Library/Ruby/Gems/2.0.0/gems/locomotivecms_mounter-1.4.4/lib/locomotive/mounter/reader/file_system/pages_reader.rb:20:in `read'
	/Library/Ruby/Gems/2.0.0/gems/locomotivecms_mounter-1.4.4/lib/locomotive/mounter/reader/runner.rb:48:in `block (2 levels) in reload'
	/Library/Ruby/Gems/2.0.0/gems/locomotivecms_mounter-1.4.4/lib/locomotive/mounter/reader/runner.rb:40:in `each'
	/Library/Ruby/Gems/2.0.0/gems/locomotivecms_mounter-1.4.4/lib/locomotive/mounter/reader/runner.rb:40:in `block in reload'
	/Library/Ruby/Gems/2.0.0/gems/locomotivecms_mounter-1.4.4/lib/locomotive/mounter.rb:99:in `with_locale'
	/Library/Ruby/Gems/2.0.0/gems/locomotivecms_mounter-1.4.4/lib/locomotive/mounter/reader/runner.rb:39:in `reload'
	/Library/Ruby/Gems/2.0.0/gems/locomotivecms_wagon-1.5.0/lib/locomotive/wagon/listen.rb:41:in `block in apply'
	/Library/Ruby/Gems/2.0.0/gems/listen-2.7.12/lib/listen/listener.rb:282:in `call'
	/Library/Ruby/Gems/2.0.0/gems/listen-2.7.12/lib/listen/listener.rb:282:in `_process_changes'
	/Library/Ruby/Gems/2.0.0/gems/listen-2.7.12/lib/listen/listener.rb:246:in `block in _wait_for_changes'
	/Library/Ruby/Gems/2.0.0/gems/listen-2.7.12/lib/listen/listener.rb:229:in `loop'
	/Library/Ruby/Gems/2.0.0/gems/listen-2.7.12/lib/listen/listener.rb:229:in `_wait_for_changes'
	/Library/Ruby/Gems/2.0.0/gems/listen-2.7.12/lib/listen/listener.rb:318:in `block in _start_wait_thread'


[0;97;49mStarted GET "/" at 2014-11-19 14:23:10 +0000[0m
Detecting locale EN
Found page "Home page" [index]
  Rendered liquid page template
[0;32;49mCompleted 200 OK in 1.6ms

[0m
[0;97;49mStarted GET "/font-awesome-4.1.0/css/font-awesome.min.css" at 2014-11-19 14:23:10 +0000[0m
Detecting locale EN
[0;32;49mCompleted 404 Not Found in 1.7ms

[0m
[0;97;49mStarted GET "/img/map-image.png" at 2014-11-19 14:23:11 +0000[0m
Detecting locale EN
[0;32;49mCompleted 404 Not Found in 1.4ms

[0m
[Locomotive::Mounter::Models::Page] setting an unknown attribute 'lead_in' with the value '"Welcome"'
[Locomotive::Mounter::Models::Page] setting an unknown attribute 'lead_in' with the value '"Welcome"'
	/Library/Ruby/Gems/2.0.0/gems/locomotivecms_mounter-1.4.4/lib/locomotive/mounter/fields.rb:52:in `block in write_attributes'
	/Library/Ruby/Gems/2.0.0/gems/locomotivecms_mounter-1.4.4/lib/locomotive/mounter/fields.rb:49:in `each'
	/Library/Ruby/Gems/2.0.0/gems/locomotivecms_mounter-1.4.4/lib/locomotive/mounter/fields.rb:49:in `write_attributes'
	/Library/Ruby/Gems/2.0.0/gems/locomotivecms_mounter-1.4.4/lib/locomotive/mounter/reader/file_system/pages_reader.rb:146:in `set_attributes_from_header'
	/Library/Ruby/Gems/2.0.0/gems/locomotivecms_mounter-1.4.4/lib/locomotive/mounter/reader/file_system/pages_reader.rb:87:in `block (2 levels) in fetch'
	/Library/Ruby/Gems/2.0.0/gems/locomotivecms_mounter-1.4.4/lib/locomotive/mounter.rb:99:in `with_locale'
	/Library/Ruby/Gems/2.0.0/gems/locomotivecms_mounter-1.4.4/lib/locomotive/mounter/reader/file_system/pages_reader.rb:86:in `block in fetch'
	/Library/Ruby/Gems/2.0.0/gems/locomotivecms_mounter-1.4.4/lib/locomotive/mounter/reader/file_system/pages_reader.rb:74:in `each'
	/Library/Ruby/Gems/2.0.0/gems/locomotivecms_mounter-1.4.4/lib/locomotive/mounter/reader/file_system/pages_reader.rb:74:in `fetch'
	/Library/Ruby/Gems/2.0.0/gems/locomotivecms_mounter-1.4.4/lib/locomotive/mounter/reader/file_system/pages_reader.rb:20:in `read'
	/Library/Ruby/Gems/2.0.0/gems/locomotivecms_mounter-1.4.4/lib/locomotive/mounter/reader/runner.rb:76:in `block (2 levels) in build_mounting_point'
	/Library/Ruby/Gems/2.0.0/gems/locomotivecms_mounter-1.4.4/lib/locomotive/mounter/reader/runner.rb:73:in `each'
	/Library/Ruby/Gems/2.0.0/gems/locomotivecms_mounter-1.4.4/lib/locomotive/mounter/reader/runner.rb:73:in `block in build_mounting_point'
	/Library/Ruby/Gems/2.0.0/gems/locomotivecms_mounter-1.4.4/lib/locomotive/mounter/reader/runner.rb:70:in `tap'
	/Library/Ruby/Gems/2.0.0/gems/locomotivecms_mounter-1.4.4/lib/locomotive/mounter/reader/runner.rb:70:in `build_mounting_point'
	/Library/Ruby/Gems/2.0.0/gems/locomotivecms_mounter-1.4.4/lib/locomotive/mounter/reader/runner.rb:29:in `run!'
	/Library/Ruby/Gems/2.0.0/gems/locomotivecms_wagon-1.5.0/lib/locomotive/wagon.rb:260:in `require_mounter'
	/Library/Ruby/Gems/2.0.0/gems/locomotivecms_wagon-1.5.0/lib/locomotive/wagon.rb:75:in `serve'
	/Library/Ruby/Gems/2.0.0/gems/locomotivecms_wagon-1.5.0/lib/locomotive/wagon/cli.rb:249:in `serve'
	/Library/Ruby/Gems/2.0.0/gems/thor-0.19.1/lib/thor/command.rb:27:in `run'
	/Library/Ruby/Gems/2.0.0/gems/thor-0.19.1/lib/thor/invocation.rb:126:in `invoke_command'
	/Library/Ruby/Gems/2.0.0/gems/thor-0.19.1/lib/thor.rb:359:in `dispatch'
	/Library/Ruby/Gems/2.0.0/gems/thor-0.19.1/lib/thor/base.rb:440:in `start'
	/Library/Ruby/Gems/2.0.0/gems/locomotivecms_wagon-1.5.0/bin/wagon:12:in `<top (required)>'
	/usr/bin/wagon:23:in `load'
	/usr/bin/wagon:23:in `<main>'


[Locomotive::Mounter::Models::Page] setting an unknown attribute 'lead_in' with the value '"Welcome"'
[Locomotive::Mounter::Models::Page] setting an unknown attribute 'lead_in' with the value '"Welcome"'
	/Library/Ruby/Gems/2.0.0/gems/locomotivecms_mounter-1.4.4/lib/locomotive/mounter/fields.rb:52:in `block in write_attributes'
	/Library/Ruby/Gems/2.0.0/gems/locomotivecms_mounter-1.4.4/lib/locomotive/mounter/fields.rb:49:in `each'
	/Library/Ruby/Gems/2.0.0/gems/locomotivecms_mounter-1.4.4/lib/locomotive/mounter/fields.rb:49:in `write_attributes'
	/Library/Ruby/Gems/2.0.0/gems/locomotivecms_mounter-1.4.4/lib/locomotive/mounter/reader/file_system/pages_reader.rb:146:in `set_attributes_from_header'
	/Library/Ruby/Gems/2.0.0/gems/locomotivecms_mounter-1.4.4/lib/locomotive/mounter/reader/file_system/pages_reader.rb:87:in `block (2 levels) in fetch'
	/Library/Ruby/Gems/2.0.0/gems/locomotivecms_mounter-1.4.4/lib/locomotive/mounter.rb:99:in `with_locale'
	/Library/Ruby/Gems/2.0.0/gems/locomotivecms_mounter-1.4.4/lib/locomotive/mounter/reader/file_system/pages_reader.rb:86:in `block in fetch'
	/Library/Ruby/Gems/2.0.0/gems/locomotivecms_mounter-1.4.4/lib/locomotive/mounter/reader/file_system/pages_reader.rb:74:in `each'
	/Library/Ruby/Gems/2.0.0/gems/locomotivecms_mounter-1.4.4/lib/locomotive/mounter/reader/file_system/pages_reader.rb:74:in `fetch'
	/Library/Ruby/Gems/2.0.0/gems/locomotivecms_mounter-1.4.4/lib/locomotive/mounter/reader/file_system/pages_reader.rb:20:in `read'
	/Library/Ruby/Gems/2.0.0/gems/locomotivecms_mounter-1.4.4/lib/locomotive/mounter/reader/runner.rb:76:in `block (2 levels) in build_mounting_point'
	/Library/Ruby/Gems/2.0.0/gems/locomotivecms_mounter-1.4.4/lib/locomotive/mounter/reader/runner.rb:73:in `each'
	/Library/Ruby/Gems/2.0.0/gems/locomotivecms_mounter-1.4.4/lib/locomotive/mounter/reader/runner.rb:73:in `block in build_mounting_point'
	/Library/Ruby/Gems/2.0.0/gems/locomotivecms_mounter-1.4.4/lib/locomotive/mounter/reader/runner.rb:70:in `tap'
	/Library/Ruby/Gems/2.0.0/gems/locomotivecms_mounter-1.4.4/lib/locomotive/mounter/reader/runner.rb:70:in `build_mounting_point'
	/Library/Ruby/Gems/2.0.0/gems/locomotivecms_mounter-1.4.4/lib/locomotive/mounter/reader/runner.rb:29:in `run!'
	/Library/Ruby/Gems/2.0.0/gems/locomotivecms_wagon-1.5.0/lib/locomotive/wagon.rb:260:in `require_mounter'
	/Library/Ruby/Gems/2.0.0/gems/locomotivecms_wagon-1.5.0/lib/locomotive/wagon.rb:75:in `serve'
	/Library/Ruby/Gems/2.0.0/gems/locomotivecms_wagon-1.5.0/lib/locomotive/wagon/cli.rb:249:in `serve'
	/Library/Ruby/Gems/2.0.0/gems/thor-0.19.1/lib/thor/command.rb:27:in `run'
	/Library/Ruby/Gems/2.0.0/gems/thor-0.19.1/lib/thor/invocation.rb:126:in `invoke_command'
	/Library/Ruby/Gems/2.0.0/gems/thor-0.19.1/lib/thor.rb:359:in `dispatch'
	/Library/Ruby/Gems/2.0.0/gems/thor-0.19.1/lib/thor/base.rb:440:in `start'
	/Library/Ruby/Gems/2.0.0/gems/locomotivecms_wagon-1.5.0/bin/wagon:12:in `<top (required)>'
	/usr/bin/wagon:23:in `load'
	/usr/bin/wagon:23:in `<main>'


[0;97;49mStarted GET "/" at 2014-11-19 14:23:58 +0000[0m
Detecting locale EN
Found page "Home page" [index]
  Rendered liquid page template
[0;32;49mCompleted 200 OK in 2.0ms

[0m
[0;97;49mStarted GET "/font-awesome-4.1.0/css/font-awesome.min.css" at 2014-11-19 14:23:58 +0000[0m
Detecting locale EN
[0;32;49mCompleted 404 Not Found in 2.1ms

[0m
[0;97;49mStarted GET "/img/map-image.png" at 2014-11-19 14:24:02 +0000[0m
Detecting locale EN
[0;32;49mCompleted 404 Not Found in 2.3ms

[0m
* Reloaded "pages", "snippets" at 2014-11-19 14:24:15 +0000
[0;97;49mStarted GET "/" at 2014-11-19 14:24:17 +0000[0m
Detecting locale EN
Found page "SBS Seed Fund" [index]
  Rendered liquid page template
[0;32;49mCompleted 200 OK in 2.1ms

[0m
[0;97;49mStarted GET "/font-awesome-4.1.0/css/font-awesome.min.css" at 2014-11-19 14:24:17 +0000[0m
Detecting locale EN
[0;32;49mCompleted 404 Not Found in 2.1ms

[0m
[0;97;49mStarted GET "/img/map-image.png" at 2014-11-19 14:24:17 +0000[0m
Detecting locale EN
[0;32;49mCompleted 404 Not Found in 3.9ms

[0m
* Reloaded "pages", "snippets" at 2014-11-19 14:25:21 +0000
* Reloaded "pages", "snippets" at 2014-11-19 14:25:39 +0000
* Reloaded "pages", "snippets" at 2014-11-19 14:25:56 +0000
* Reloaded "pages", "snippets" at 2014-11-19 14:26:15 +0000
[0;97;49mStarted GET "/" at 2014-11-19 14:26:16 +0000[0m
Detecting locale EN
Found page "SBS Seed Fund" [index]
  Rendered liquid page template
[0;32;49mCompleted 200 OK in 1.7ms

[0m
[0;97;49mStarted GET "/font-awesome-4.1.0/css/font-awesome.min.css" at 2014-11-19 14:26:16 +0000[0m
Detecting locale EN
[0;32;49mCompleted 404 Not Found in 2.1ms

[0m
[0;97;49mStarted GET "/img/map-image.png" at 2014-11-19 14:26:17 +0000[0m
Detecting locale EN
[0;32;49mCompleted 404 Not Found in 2.1ms

[0m
* Reloaded "pages", "snippets" at 2014-11-19 14:26:49 +0000
* Reloaded "pages", "snippets" at 2014-11-19 14:27:09 +0000
[0;97;49mStarted GET "/" at 2014-11-19 14:27:10 +0000[0m
Detecting locale EN
Found page "SBS Seed Fund" [index]
  Rendered liquid page template
[0;32;49mCompleted 200 OK in 1.6ms

[0m
[0;97;49mStarted GET "/font-awesome-4.1.0/css/font-awesome.min.css" at 2014-11-19 14:27:10 +0000[0m
Detecting locale EN
[0;32;49mCompleted 404 Not Found in 1.8ms

[0m
[0;97;49mStarted GET "/img/map-image.png" at 2014-11-19 14:27:11 +0000[0m
Detecting locale EN
[0;32;49mCompleted 404 Not Found in 2.0ms

[0m
* Reloaded "pages", "snippets" at 2014-11-19 14:30:18 +0000
[0;97;49mStarted GET "/" at 2014-11-19 14:30:21 +0000[0m
Detecting locale EN
Found page "SBS Seed Fund" [index]
  Rendered liquid page template
[0;32;49mCompleted 200 OK in 1.6ms

[0m
[0;97;49mStarted GET "/font-awesome-4.1.0/css/font-awesome.min.css" at 2014-11-19 14:30:21 +0000[0m
Detecting locale EN
[0;32;49mCompleted 404 Not Found in 1.8ms

[0m
[0;97;49mStarted GET "/img/map-image.png" at 2014-11-19 14:30:21 +0000[0m
Detecting locale EN
[0;32;49mCompleted 404 Not Found in 1.5ms

[0m
* Reloaded "pages", "snippets" at 2014-11-19 14:31:56 +0000
[0;97;49mStarted GET "/" at 2014-11-19 14:31:59 +0000[0m
Detecting locale EN
Found page "SBS Seed Fund" [index]
  Rendered liquid page template
[0;32;49mCompleted 200 OK in 1.4ms

[0m
[0;97;49mStarted GET "/font-awesome-4.1.0/css/font-awesome.min.css" at 2014-11-19 14:31:59 +0000[0m
Detecting locale EN
[0;32;49mCompleted 404 Not Found in 2.8ms

[0m
[0;97;49mStarted GET "/img/map-image.png" at 2014-11-19 14:31:59 +0000[0m
Detecting locale EN
[0;32;49mCompleted 404 Not Found in 2.4ms

[0m
* Reloaded "pages", "snippets" at 2014-11-19 14:32:52 +0000
* Reloaded "pages", "snippets" at 2014-11-19 14:32:54 +0000
* Reloaded "pages", "snippets" at 2014-11-19 14:32:57 +0000
[0;97;49mStarted GET "/" at 2014-11-19 14:33:05 +0000[0m
Detecting locale EN
Found page "SBS Seed Fund" [index]
  Rendered liquid page template
[0;32;49mCompleted 200 OK in 2.2ms

[0m
[0;97;49mStarted GET "/font-awesome-4.1.0/css/font-awesome.css" at 2014-11-19 14:33:06 +0000[0m
Detecting locale EN
[0;32;49mCompleted 404 Not Found in 2.4ms

[0m
[0;97;49mStarted GET "/img/map-image.png" at 2014-11-19 14:33:09 +0000[0m
Detecting locale EN
[0;32;49mCompleted 404 Not Found in 2.5ms

[0m
* Reloaded "pages", "snippets" at 2014-11-19 14:34:10 +0000
[0;97;49mStarted GET "/stylesheets" at 2014-11-19 14:34:19 +0000[0m
Detecting locale EN
[0;32;49mCompleted 404 Not Found in 1.2ms

[0m
[0;97;49mStarted GET "/font-awesome-4.1.0/css/font-awesome.css" at 2014-11-19 14:34:19 +0000[0m
Detecting locale EN
[0;32;49mCompleted 404 Not Found in 4.5ms

[0m
[0;97;49mStarted GET "/img/map-image.png" at 2014-11-19 14:34:19 +0000[0m
Detecting locale EN
[0;32;49mCompleted 404 Not Found in 1.8ms

[0m
* Reloaded "pages", "snippets" at 2014-11-19 14:34:56 +0000
[0;97;49mStarted GET "/" at 2014-11-19 14:35:01 +0000[0m
Detecting locale EN
Found page "SBS Seed Fund" [index]
  Rendered liquid page template
[0;32;49mCompleted 200 OK in 2.2ms

[0m
[0;97;49mStarted GET "/img/map-image.png" at 2014-11-19 14:35:01 +0000[0m
Detecting locale EN
[0;32;49mCompleted 404 Not Found in 14.4ms

[0m
* Reloaded "pages", "snippets" at 2014-11-19 14:36:29 +0000
[0;97;49mStarted GET "/" at 2014-11-19 14:36:30 +0000[0m
Detecting locale EN
Found page "SBS Seed Fund" [index]
  Rendered liquid page template
[0;32;49mCompleted 200 OK in 1.2ms

[0m
[0;97;49mStarted GET "/img/map-image.png" at 2014-11-19 14:36:30 +0000[0m
Detecting locale EN
[0;32;49mCompleted 404 Not Found in 1.7ms

[0m
* Reloaded "pages", "snippets" at 2014-11-19 14:38:25 +0000
[0;97;49mStarted GET "/" at 2014-11-19 14:40:05 +0000[0m
Detecting locale EN
Found page "SBS Seed Fund" [index]
  Rendered liquid page template
[0;32;49mCompleted 200 OK in 1.2ms

[0m
[0;97;49mStarted GET "/img/map-image.png" at 2014-11-19 14:40:05 +0000[0m
Detecting locale EN
[0;32;49mCompleted 404 Not Found in 2.1ms

[0m
* Reloaded "pages", "snippets" at 2014-11-19 14:40:34 +0000
[0;97;49mStarted GET "/" at 2014-11-19 14:40:34 +0000[0m
Detecting locale EN
Found page "SBS Seed Fund" [index]
  Rendered liquid page template
[0;32;49mCompleted 200 OK in 1.7ms

[0m
[0;97;49mStarted GET "/img/map-image.png" at 2014-11-19 14:40:34 +0000[0m
Detecting locale EN
[0;32;49mCompleted 404 Not Found in 3.2ms

[0m
* Reloaded "pages", "snippets" at 2014-11-19 14:42:28 +0000
* Reloaded "pages", "snippets" at 2014-11-19 14:43:02 +0000
[0;97;49mStarted GET "/" at 2014-11-19 14:43:06 +0000[0m
Detecting locale EN
Found page "SBS Seed Fund" [index]
  Rendered liquid page template
[0;32;49mCompleted 200 OK in 1.5ms

[0m
[0;97;49mStarted GET "/img/map-image.png" at 2014-11-19 14:43:07 +0000[0m
Detecting locale EN
[0;32;49mCompleted 404 Not Found in 1.7ms

[0m
* Reloaded "pages", "snippets" at 2014-11-19 14:45:08 +0000
* Reloaded "pages", "snippets" at 2014-11-19 14:45:18 +0000
[0;97;49mStarted GET "/" at 2014-11-19 14:45:22 +0000[0m
Detecting locale EN
Found page "SBS Seed Fund" [index]
  Rendered liquid page template
[0;32;49mCompleted 200 OK in 1.7ms

[0m
[0;97;49mStarted GET "/img/map-image.png" at 2014-11-19 14:45:22 +0000[0m
Detecting locale EN
[0;32;49mCompleted 404 Not Found in 1.9ms

[0m
* Reloaded "pages", "snippets" at 2014-11-19 14:45:34 +0000
[0;97;49mStarted GET "/" at 2014-11-19 14:45:35 +0000[0m
Detecting locale EN
Found page "SBS Seed Fund" [index]
  Rendered liquid page template
[0;32;49mCompleted 200 OK in 1.8ms

[0m
[0;97;49mStarted GET "/" at 2014-11-19 14:46:58 +0000[0m
Detecting locale EN
Found page "SBS Seed Fund" [index]
  Rendered liquid page template
[0;32;49mCompleted 200 OK in 1.6ms

[0m
[0;97;49mStarted GET "/img/map-image.png" at 2014-11-19 14:46:58 +0000[0m
Detecting locale EN
[0;32;49mCompleted 404 Not Found in 10.0ms

[0m
* Reloaded "pages", "snippets" at 2014-11-19 14:48:45 +0000
[0;97;49mStarted GET "/" at 2014-11-19 14:48:48 +0000[0m
Detecting locale EN
Found page "SBS Seed Fund" [index]
  Rendered liquid page template
[0;32;49mCompleted 200 OK in 1.4ms

[0m
[0;97;49mStarted GET "/img/map-image.png" at 2014-11-19 14:48:48 +0000[0m
Detecting locale EN
[0;32;49mCompleted 404 Not Found in 2.4ms

[0m
* Reloaded "pages", "snippets" at 2014-11-19 14:49:10 +0000
[0;97;49mStarted GET "/" at 2014-11-19 14:49:10 +0000[0m
Detecting locale EN
Found page "SBS Seed Fund" [index]
  Rendered liquid page template
[0;32;49mCompleted 200 OK in 1.8ms

[0m
[0;97;49mStarted GET "/img/map-image.png" at 2014-11-19 14:49:11 +0000[0m
Detecting locale EN
[0;32;49mCompleted 404 Not Found in 1.9ms

[0m
* Reloaded "pages", "snippets" at 2014-11-19 14:49:44 +0000
[0;97;49mStarted GET "/" at 2014-11-19 14:49:44 +0000[0m
Detecting locale EN
Found page "SBS Seed Fund" [index]
  Rendered liquid page template
[0;32;49mCompleted 200 OK in 2.1ms

[0m
[0;97;49mStarted GET "/img/map-image.png" at 2014-11-19 14:49:45 +0000[0m
Detecting locale EN
[0;32;49mCompleted 404 Not Found in 7.9ms

[0m
* Reloaded "pages", "snippets" at 2014-11-19 14:50:02 +0000
[0;97;49mStarted GET "/" at 2014-11-19 14:50:08 +0000[0m
Detecting locale EN
Found page "SBS Seed Fund" [index]
  Rendered liquid page template
[0;32;49mCompleted 200 OK in 1.5ms

[0m
[0;97;49mStarted GET "/img/map-image.png" at 2014-11-19 14:50:08 +0000[0m
Detecting locale EN
[0;32;49mCompleted 404 Not Found in 4.3ms

[0m
* Reloaded "pages", "snippets" at 2014-11-19 14:50:33 +0000
[0;97;49mStarted GET "/" at 2014-11-19 14:50:33 +0000[0m
Detecting locale EN
Found page "SBS Seed Fund" [index]
  Rendered liquid page template
[0;32;49mCompleted 200 OK in 2.0ms

[0m
[0;97;49mStarted GET "/img/map-image.png" at 2014-11-19 14:50:33 +0000[0m
Detecting locale EN
[0;32;49mCompleted 404 Not Found in 2.4ms

[0m
* Reloaded "pages", "snippets" at 2014-11-19 14:51:49 +0000
[0;97;49mStarted GET "/" at 2014-11-19 14:51:50 +0000[0m
Detecting locale EN
Found page "SBS Seed Fund" [index]
  Rendered liquid page template
[0;32;49mCompleted 200 OK in 1.3ms

[0m
[0;97;49mStarted GET "/img/map-image.png" at 2014-11-19 14:51:50 +0000[0m
Detecting locale EN
[0;32;49mCompleted 404 Not Found in 2.3ms

[0m
* Reloaded "pages", "snippets" at 2014-11-19 14:52:42 +0000
* Reloaded "pages", "snippets" at 2014-11-19 14:53:14 +0000
[0;97;49mStarted GET "/" at 2014-11-19 14:53:15 +0000[0m
Detecting locale EN
Found page "SBS Seed Fund" [index]
  Rendered liquid page template
[0;32;49mCompleted 200 OK in 1.3ms

[0m
[0;97;49mStarted GET "/img/map-image.png" at 2014-11-19 14:53:15 +0000[0m
Detecting locale EN
[0;32;49mCompleted 404 Not Found in 7.5ms

[0m
* Reloaded "pages", "snippets" at 2014-11-19 14:54:16 +0000
[0;97;49mStarted GET "/" at 2014-11-19 14:54:20 +0000[0m
Detecting locale EN
Found page "SBS Seed Fund" [index]
  Rendered liquid page template
[0;32;49mCompleted 200 OK in 2.2ms

[0m
[0;97;49mStarted GET "/img/map-image.png" at 2014-11-19 14:54:20 +0000[0m
Detecting locale EN
[0;32;49mCompleted 404 Not Found in 2.5ms

[0m
* Reloaded "pages", "snippets" at 2014-11-19 14:57:24 +0000
* Reloaded "pages", "snippets" at 2014-11-19 14:58:04 +0000
* Reloaded "pages", "snippets" at 2014-11-19 15:00:04 +0000
* Reloaded "pages", "snippets" at 2014-11-19 15:00:20 +0000
[0;97;49mStarted GET "/" at 2014-11-19 15:00:22 +0000[0m
Detecting locale EN
Found page "SBS Seed Fund" [index]
  Rendered liquid page template
[0;32;49mCompleted 200 OK in 1.9ms

[0m
[0;97;49mStarted GET "/img/map-image.png" at 2014-11-19 15:00:22 +0000[0m
Detecting locale EN
[0;32;49mCompleted 404 Not Found in 2.8ms

[0m
[0;97;49mStarted GET "/" at 2014-11-19 15:00:28 +0000[0m
Detecting locale EN
Found page "SBS Seed Fund" [index]
  Rendered liquid page template
[0;32;49mCompleted 200 OK in 2.8ms

[0m
[0;97;49mStarted GET "/img/map-image.png" at 2014-11-19 15:00:28 +0000[0m
Detecting locale EN
[0;32;49mCompleted 404 Not Found in 2.0ms

[0m
* Reloaded "pages", "snippets" at 2014-11-19 15:01:34 +0000
[0;97;49mStarted GET "/" at 2014-11-19 15:01:34 +0000[0m
Detecting locale EN
Found page "SBS Seed Fund" [index]
  Rendered liquid page template
[0;32;49mCompleted 200 OK in 1.6ms

[0m
[0;97;49mStarted GET "/img/map-image.png" at 2014-11-19 15:01:34 +0000[0m
Detecting locale EN
[0;32;49mCompleted 404 Not Found in 1.7ms

[0m
[0;97;49mStarted GET "/" at 2014-11-19 15:03:31 +0000[0m
Detecting locale EN
Found page "SBS Seed Fund" [index]
  Rendered liquid page template
[0;32;49mCompleted 200 OK in 2.6ms

[0m
[0;97;49mStarted GET "/img/map-image.png" at 2014-11-19 15:03:31 +0000[0m
Detecting locale EN
[0;32;49mCompleted 404 Not Found in 3.0ms

[0m
[0;97;49mStarted GET "/" at 2014-11-19 15:04:42 +0000[0m
Detecting locale EN
Found page "SBS Seed Fund" [index]
  Rendered liquid page template
[0;32;49mCompleted 200 OK in 2.5ms

[0m
[0;97;49mStarted GET "/img/map-image.png" at 2014-11-19 15:04:42 +0000[0m
Detecting locale EN
[0;32;49mCompleted 404 Not Found in 2.9ms

[0m
[0;97;49mStarted GET "/" at 2014-11-19 15:05:09 +0000[0m
Detecting locale EN
Found page "SBS Seed Fund" [index]
  Rendered liquid page template
[0;32;49mCompleted 200 OK in 1.8ms

[0m
[0;97;49mStarted GET "/img/map-image.png" at 2014-11-19 15:05:09 +0000[0m
Detecting locale EN
[0;32;49mCompleted 404 Not Found in 2.4ms

[0m
[0;97;49mStarted GET "/" at 2014-11-19 15:05:25 +0000[0m
Detecting locale EN
Found page "SBS Seed Fund" [index]
  Rendered liquid page template
[0;32;49mCompleted 200 OK in 1.9ms

[0m
[0;97;49mStarted GET "/img/map-image.png" at 2014-11-19 15:05:26 +0000[0m
Detecting locale EN
[0;32;49mCompleted 404 Not Found in 2.2ms

[0m
[0;97;49mStarted GET "/" at 2014-11-19 15:05:55 +0000[0m
Detecting locale EN
Found page "SBS Seed Fund" [index]
  Rendered liquid page template
[0;32;49mCompleted 200 OK in 2.0ms

[0m
[0;97;49mStarted GET "/img/map-image.png" at 2014-11-19 15:05:55 +0000[0m
Detecting locale EN
[0;32;49mCompleted 404 Not Found in 1.9ms

[0m
[0;97;49mStarted GET "/" at 2014-11-19 15:08:43 +0000[0m
Detecting locale EN
Found page "SBS Seed Fund" [index]
  Rendered liquid page template
[0;32;49mCompleted 200 OK in 2.7ms

[0m
[0;97;49mStarted GET "/img/map-image.png" at 2014-11-19 15:08:44 +0000[0m
Detecting locale EN
[0;32;49mCompleted 404 Not Found in 3.5ms

[0m
[0;97;49mStarted GET "/" at 2014-11-19 15:08:56 +0000[0m
Detecting locale EN
Found page "SBS Seed Fund" [index]
  Rendered liquid page template
[0;32;49mCompleted 200 OK in 2.5ms

[0m
[0;97;49mStarted GET "/img/map-image.png" at 2014-11-19 15:08:56 +0000[0m
Detecting locale EN
[0;32;49mCompleted 404 Not Found in 5.3ms

[0m
[0;97;49mStarted GET "/" at 2014-11-19 15:09:17 +0000[0m
Detecting locale EN
Found page "SBS Seed Fund" [index]
  Rendered liquid page template
[0;32;49mCompleted 200 OK in 2.4ms

[0m
[0;97;49mStarted GET "/img/map-image.png" at 2014-11-19 15:09:17 +0000[0m
Detecting locale EN
[0;32;49mCompleted 404 Not Found in 2.6ms

[0m
[0;97;49mStarted GET "/" at 2014-11-19 15:09:41 +0000[0m
Detecting locale EN
Found page "SBS Seed Fund" [index]
  Rendered liquid page template
[0;32;49mCompleted 200 OK in 2.1ms

[0m
[0;97;49mStarted GET "/img/map-image.png" at 2014-11-19 15:09:42 +0000[0m
Detecting locale EN
[0;32;49mCompleted 404 Not Found in 45.3ms

[0m
[0;97;49mStarted GET "/" at 2014-11-19 15:10:00 +0000[0m
Detecting locale EN
Found page "SBS Seed Fund" [index]
  Rendered liquid page template
[0;32;49mCompleted 200 OK in 2.6ms

[0m
[0;97;49mStarted GET "/img/map-image.png" at 2014-11-19 15:10:01 +0000[0m
Detecting locale EN
[0;32;49mCompleted 404 Not Found in 3.1ms

[0m
[0;97;49mStarted GET "/" at 2014-11-19 15:11:51 +0000[0m
Detecting locale EN
Found page "SBS Seed Fund" [index]
  Rendered liquid page template
[0;32;49mCompleted 200 OK in 2.2ms

[0m
[0;97;49mStarted GET "/img/map-image.png" at 2014-11-19 15:11:52 +0000[0m
Detecting locale EN
[0;32;49mCompleted 404 Not Found in 2.8ms

[0m
* Reloaded "pages", "snippets" at 2014-11-19 15:12:31 +0000
[0;97;49mStarted GET "/" at 2014-11-19 15:12:32 +0000[0m
Detecting locale EN
Found page "SBS Seed Fund" [index]
  Rendered liquid page template
[0;32;49mCompleted 200 OK in 2.1ms

[0m
[0;97;49mStarted GET "/img/map-image.png" at 2014-11-19 15:12:32 +0000[0m
Detecting locale EN
[0;32;49mCompleted 404 Not Found in 2.4ms

[0m
* Reloaded "pages", "snippets" at 2014-11-19 15:16:20 +0000
* Reloaded "pages", "snippets" at 2014-11-19 15:17:00 +0000
* Reloaded "pages", "snippets" at 2014-11-19 15:17:17 +0000
[0;97;49mStarted GET "/" at 2014-11-19 15:17:19 +0000[0m
Detecting locale EN
Found page "SBS Seed Fund" [index]
  Rendered liquid page template
[0;32;49mCompleted 200 OK in 1.7ms

[0m
[0;97;49mStarted GET "/img/map-image.png" at 2014-11-19 15:17:20 +0000[0m
Detecting locale EN
[0;32;49mCompleted 404 Not Found in 1.8ms

[0m
* Reloaded "pages", "snippets" at 2014-11-19 15:20:22 +0000
* Reloaded "pages", "snippets" at 2014-11-19 15:20:44 +0000
* Reloaded "pages", "snippets" at 2014-11-19 15:21:06 +0000
* Reloaded "pages", "snippets" at 2014-11-19 15:21:25 +0000
* Reloaded "pages", "snippets" at 2014-11-19 15:21:42 +0000
[0;97;49mStarted GET "/" at 2014-11-19 15:21:46 +0000[0m
Detecting locale EN
Found page "SBS Seed Fund" [index]
[0;31;49m[ERROR] Unknown tag 'end_capture' - ./app/views/pages/index.liquid:99:in `SBS Seed Fund'
[0m
* Reloaded "pages", "snippets" at 2014-11-19 15:21:52 +0000
[0;97;49mStarted GET "/" at 2014-11-19 15:21:53 +0000[0m
Detecting locale EN
Found page "SBS Seed Fund" [index]
  Rendered liquid page template
[0;32;49mCompleted 200 OK in 2.2ms

[0m
[0;97;49mStarted GET "/img/map-image.png" at 2014-11-19 15:21:53 +0000[0m
Detecting locale EN
[0;32;49mCompleted 404 Not Found in 2.4ms

[0m
* Reloaded "pages", "snippets" at 2014-11-19 15:21:58 +0000
[0;97;49mStarted GET "/" at 2014-11-19 15:21:58 +0000[0m
Detecting locale EN
Found page "SBS Seed Fund" [index]
  Rendered liquid page template
[0;32;49mCompleted 200 OK in 2.7ms

[0m
[0;97;49mStarted GET "/img/map-image.png" at 2014-11-19 15:21:59 +0000[0m
Detecting locale EN
[0;32;49mCompleted 404 Not Found in 2.5ms

[0m
* Reloaded "pages", "snippets" at 2014-11-19 15:22:01 +0000
[0;97;49mStarted GET "/" at 2014-11-19 15:22:01 +0000[0m
Detecting locale EN
Found page "SBS Seed Fund" [index]
  Rendered liquid page template
[0;32;49mCompleted 200 OK in 2.4ms

[0m
[0;97;49mStarted GET "/img/map-image.png" at 2014-11-19 15:22:02 +0000[0m
Detecting locale EN
[0;32;49mCompleted 404 Not Found in 5.1ms

[0m
* Reloaded "pages", "snippets" at 2014-11-19 15:22:16 +0000
[0;97;49mStarted GET "/" at 2014-11-19 15:22:17 +0000[0m
Detecting locale EN
Found page "SBS Seed Fund" [index]
  Rendered liquid page template
[0;32;49mCompleted 200 OK in 2.5ms

[0m
[0;97;49mStarted GET "/img/map-image.png" at 2014-11-19 15:22:17 +0000[0m
Detecting locale EN
[0;32;49mCompleted 404 Not Found in 4.1ms

[0m
